[ 2014-01-18T15:58:32+08:00 ] 117.28.180.26 /index.php
INFO: [ app_begin ] --START--
INFO: Run ReadHtmlCache Behavior [ RunTime:0.022709s ]
INFO: [ app_begin ] --END-- [ RunTime:0.023175s ]
NOTIC: [2] Cannot use a scalar value as an array D:\weixin\wx-11\web\app\_Core\Lib\Core\View.class.php ç¬¬ 69 è¡Œ.
INFO: [ view_template ] --START--
INFO: Run LocationTemplate Behavior [ RunTime:-0.144831s ]
INFO: [ view_template ] --END-- [ RunTime:0.040193s ]
INFO: [ view_parse ] --START--
NOTIC: [8] Use of undefined constant uid - assumed 'uid' D:\weixin\wx-11\web\runtime\Cache\Home\d3649d11edac113fa901b3a237126ed9.php ç¬¬ 33 è¡Œ.
NOTIC: [8] Undefined index:  uid D:\weixin\wx-11\web\runtime\Cache\Home\d3649d11edac113fa901b3a237126ed9.php ç¬¬ 33 è¡Œ.
INFO: Run ParseTemplate Behavior [ RunTime:-0.185313s ]
INFO: [ view_parse ] --END-- [ RunTime:0.248845s ]
INFO: [ view_filter ] --START--
INFO: Run ContentReplace Behavior [ RunTime:-0.434271s ]
INFO: Run TokenBuild Behavior [ RunTime:-0.454380s ]
INFO: Run WriteHtmlCache Behavior [ RunTime:-0.458349s ]
INFO: Run ShowRuntime Behavior [ RunTime:-0.476790s ]
INFO: [ view_filter ] --END-- [ RunTime:0.046201s ]
INFO: [ view_end ] --START--
INFO: Run ShowPageTrace Behavior [ RunTime:-0.480588s ]
INFO: [ view_end ] --END-- [ RunTime:0.012860s ]

[ 2014-01-18T15:58:32+08:00 ] 117.28.180.26 /index.php
NOTIC: [32] PHP Startup: Unable to load dynamic library 'C:\PHP\ext\php_iconv.dll' - ÕÒ²»µ½Ö¸¶¨µÄÄ£¿é¡£
 Unknown ç¬¬ 0 è¡Œ.

